<?xml version="1.0" encoding="UTF-8"?>
<!-- Generated by org.testng.reporters.JUnitReportReporter -->
<testsuite name="com.test.actiTime.qspidersPune.loginPage.TC001_LoginToTheActiTime" tests="1" time="4.036" ignored="0" failures="0" timestamp="14 May 2017 18:12:41 GMT" skipped="0" hostname="DELL-PC" errors="0">
  <testcase name="verifyLoginWithvalidCredentials" time="4.036" classname="com.test.actiTime.qspidersPune.loginPage.TC001_LoginToTheActiTime"/>
</testsuite> <!-- com.test.actiTime.qspidersPune.loginPage.TC001_LoginToTheActiTime -->
